<?xml version="1.0" encoding="UTF-8"?>
<!-- Generated by org.testng.reporters.JUnitReportReporter -->
<testsuite hostname="RLP2072" failures="0" tests="2" name="com.test.MySeleniumTestRunner" time="1.350" errors="0" timestamp="2024-01-12T09:22:39 IST" skipped="0">
  <testcase classname="com.test.MySeleniumTestRunner" name="loadGooglePage" time="0.877"/>
  <system-out/>
  <testcase classname="com.test.MySeleniumTestRunner" name="openComponent" time="0.473"/>
  <system-out/>
</testsuite> <!-- com.test.MySeleniumTestRunner -->
