<?xml version="1.0" encoding="UTF-8"?>
<!-- Generated by org.testng.reporters.JUnitReportReporter -->
<testsuite hostname="RLP2072" failures="0" tests="2" name="com.test.MySeleniumTestRunner1" time="1.274" errors="0" timestamp="2024-01-12T16:03:24 IST" skipped="0">
  <testcase classname="com.test.MySeleniumTestRunner1" name="loadHomePage" time="0.806"/>
  <system-out/>
  <testcase classname="com.test.MySeleniumTestRunner1" name="openComponent" time="0.468"/>
  <system-out/>
</testsuite> <!-- com.test.MySeleniumTestRunner1 -->
