<?xml version="1.0" encoding="UTF-8"?>
<!-- Generated by org.testng.reporters.JUnitReportReporter -->
<testsuite hostname="RLP2072" failures="0" tests="2" name="com.test.MySeleniumTestRunner3" time="1.058" errors="0" timestamp="2024-01-12T15:00:13 IST" skipped="0">
  <testcase classname="com.test.MySeleniumTestRunner3" name="openComponent" time="0.149"/>
  <system-out/>
  <testcase classname="com.test.MySeleniumTestRunner3" name="loadHomePage" time="0.909"/>
  <system-out/>
</testsuite> <!-- com.test.MySeleniumTestRunner3 -->
