<?xml version="1.0" encoding="UTF-8"?>
<!-- Generated by org.testng.reporters.JUnitReportReporter -->
<testsuite hostname="RLP2072" failures="0" tests="2" name="com.test.MySeleniumTestRunner7" time="1.021" errors="0" timestamp="2024-01-12T15:06:37 IST" skipped="0">
  <testcase classname="com.test.MySeleniumTestRunner7" name="openComponent" time="0.122"/>
  <system-out/>
  <testcase classname="com.test.MySeleniumTestRunner7" name="loadHomePage" time="0.899"/>
  <system-out/>
</testsuite> <!-- com.test.MySeleniumTestRunner7 -->
