<?xml version="1.0" encoding="UTF-8"?>
<!-- Generated by org.testng.reporters.JUnitReportReporter -->
<testsuite hostname="RLP2072" failures="0" tests="2" name="com.test.MySeleniumTestRunner5" time="1.058" errors="0" timestamp="2024-01-12T15:03:50 IST" skipped="0">
  <testcase classname="com.test.MySeleniumTestRunner5" name="openComponent" time="0.148"/>
  <system-out/>
  <testcase classname="com.test.MySeleniumTestRunner5" name="loadHomePage" time="0.910"/>
  <system-out/>
</testsuite> <!-- com.test.MySeleniumTestRunner5 -->
