<?xml version="1.0" encoding="UTF-8"?>
<!-- Generated by org.testng.reporters.JUnitReportReporter -->
<testsuite hostname="RLP2072" failures="0" tests="2" name="com.test.MySeleniumTestRunner6" time="1.625" errors="0" timestamp="2024-01-12T15:05:04 IST" skipped="0">
  <testcase classname="com.test.MySeleniumTestRunner6" name="openComponent" time="0.133"/>
  <system-out/>
  <testcase classname="com.test.MySeleniumTestRunner6" name="loadHomePage" time="1.492"/>
  <system-out/>
</testsuite> <!-- com.test.MySeleniumTestRunner6 -->
