<?xml version="1.0" encoding="UTF-8"?>
<!-- Generated by org.testng.reporters.JUnitReportReporter -->
<testsuite hostname="RLP2072" failures="0" tests="2" name="com.test.MySeleniumTestRunner2" time="1.485" errors="0" timestamp="2024-01-12T14:57:36 IST" skipped="0">
  <testcase classname="com.test.MySeleniumTestRunner2" name="update" time="0.587"/>
  <system-out/>
  <testcase classname="com.test.MySeleniumTestRunner2" name="loadHomePage" time="0.898"/>
  <system-out/>
</testsuite> <!-- com.test.MySeleniumTestRunner2 -->
