<?xml version="1.0" encoding="UTF-8"?>
<!-- Generated by org.testng.reporters.JUnitReportReporter -->
<testsuite hostname="RLP2072" failures="0" tests="2" name="com.test.MySeleniumTestRunner4" time="1.021" errors="0" timestamp="2024-01-12T15:02:38 IST" skipped="0">
  <testcase classname="com.test.MySeleniumTestRunner4" name="openComponent" time="0.140"/>
  <system-out/>
  <testcase classname="com.test.MySeleniumTestRunner4" name="loadHomePage" time="0.881"/>
  <system-out/>
</testsuite> <!-- com.test.MySeleniumTestRunner4 -->
