<?xml version="1.0" encoding="UTF-8"?>
<!-- Generated by org.testng.reporters.JUnitReportReporter -->
<testsuite hostname="RLP2072" failures="0" tests="2" name="com.test.MySeleniumTestRunner8" time="1.020" errors="0" timestamp="2024-01-12T15:11:57 IST" skipped="0">
  <testcase classname="com.test.MySeleniumTestRunner8" name="openComponent" time="0.128"/>
  <system-out/>
  <testcase classname="com.test.MySeleniumTestRunner8" name="loadHomePage" time="0.892"/>
  <system-out/>
</testsuite> <!-- com.test.MySeleniumTestRunner8 -->
